<?xml version="1.0" encoding="UTF-8" standalone="no"?>
<!DOCTYPE log SYSTEM "logger.dtd">
<log>
<record>
  <date>2019-08-26T16:17:29.762-0300</date>
  <logger>GABRIEL PAIVA MEDEIROS</logger>
  <level>FINE</level>
  <message>File 118210822-GABRIEL PAIVA MEDEIROS.zip was received. It was sent by GABRIEL PAIVA MEDEIROS from IP 150.165.42.145 at 26-08-2019 16*17*29</message>
</record>
</log>
<?xml version="1.0" encoding="UTF-8" standalone="no"?>
<!DOCTYPE log SYSTEM "logger.dtd">
<log>
<record>
  <date>2019-08-26T16:46:13.330-0300</date>
  <logger>GABRIEL PAIVA MEDEIROS</logger>
  <level>FINE</level>
  <message>File 118210822-GABRIEL PAIVA MEDEIROS.zip was received. It was sent by GABRIEL PAIVA MEDEIROS from IP 150.165.42.145 at 26-08-2019 16*46*13</message>
</record>
</log>
<?xml version="1.0" encoding="UTF-8" standalone="no"?>
<!DOCTYPE log SYSTEM "logger.dtd">
<log>
<record>
  <date>2019-08-26T16:50:23.381-0300</date>
  <logger>GABRIEL PAIVA MEDEIROS</logger>
  <level>FINE</level>
  <message>File 118210822-GABRIEL PAIVA MEDEIROS.zip was received. It was sent by GABRIEL PAIVA MEDEIROS from IP 150.165.42.145 at 26-08-2019 16*50*23</message>
</record>
</log>
<?xml version="1.0" encoding="UTF-8" standalone="no"?>
<!DOCTYPE log SYSTEM "logger.dtd">
<log>
<record>
  <date>2019-08-26T17:02:05.972-0300</date>
  <logger>GABRIEL PAIVA MEDEIROS</logger>
  <level>FINE</level>
  <message>File 118210822-GABRIEL PAIVA MEDEIROS.zip was received. It was sent by GABRIEL PAIVA MEDEIROS from IP 150.165.42.145 at 26-08-2019 17*02*05</message>
</record>
</log>
<?xml version="1.0" encoding="UTF-8" standalone="no"?>
<!DOCTYPE log SYSTEM "logger.dtd">
<log>
<record>
  <date>2019-08-26T20:46:25.431-0300</date>
  <logger>GABRIEL PAIVA MEDEIROS</logger>
  <level>FINE</level>
  <message>File 118210822-GABRIEL PAIVA MEDEIROS.zip was received. It was sent by GABRIEL PAIVA MEDEIROS from IP 192.168.25.144 at 26-08-2019 20*46*25</message>
</record>
</log>
<?xml version="1.0" encoding="UTF-8" standalone="no"?>
<!DOCTYPE log SYSTEM "logger.dtd">
<log>
<record>
  <date>2019-08-26T21:04:56.189-0300</date>
  <logger>GABRIEL PAIVA MEDEIROS</logger>
  <level>FINE</level>
  <message>File 118210822-GABRIEL PAIVA MEDEIROS.zip was received. It was sent by GABRIEL PAIVA MEDEIROS from IP 192.168.25.144 at 26-08-2019 21*04*56</message>
</record>
</log>
<?xml version="1.0" encoding="UTF-8" standalone="no"?>
<!DOCTYPE log SYSTEM "logger.dtd">
<log>
<record>
  <date>2019-08-26T22:06:16.968-0300</date>
  <logger>GABRIEL PAIVA MEDEIROS</logger>
  <level>FINE</level>
  <message>File 118210822-GABRIEL PAIVA MEDEIROS.zip was received. It was sent by GABRIEL PAIVA MEDEIROS from IP 192.168.25.144 at 26-08-2019 22*06*16</message>
</record>
