<?xml version="1.0" encoding="UTF-8" standalone="no"?>
<!DOCTYPE log SYSTEM "logger.dtd">
<log>
<record>
  <date>2019-09-02T19:23:12.973-0300</date>
  <logger>GABRIEL PAIVA MEDEIROS</logger>
  <level>FINE</level>
  <message>File 118210822-GABRIEL PAIVA MEDEIROS.zip was received. It was sent by GABRIEL PAIVA MEDEIROS from IP 192.168.25.82 at 02-09-2019 19*23*12</message>
</record>
</log>
<?xml version="1.0" encoding="UTF-8" standalone="no"?>
<!DOCTYPE log SYSTEM "logger.dtd">
<log>
<record>
  <date>2019-09-02T21:13:03.390-0300</date>
  <logger>GABRIEL PAIVA MEDEIROS</logger>
  <level>FINE</level>
  <message>File 118210822-GABRIEL PAIVA MEDEIROS.zip was received. It was sent by GABRIEL PAIVA MEDEIROS from IP 192.168.25.82 at 02-09-2019 21*13*03</message>
</record>
</log>
<?xml version="1.0" encoding="UTF-8" standalone="no"?>
<!DOCTYPE log SYSTEM "logger.dtd">
<log>
<record>
  <date>2019-09-02T22:15:25.392-0300</date>
  <logger>GABRIEL PAIVA MEDEIROS</logger>
  <level>FINE</level>
  <message>File 118210822-GABRIEL PAIVA MEDEIROS.zip was received. It was sent by GABRIEL PAIVA MEDEIROS from IP 192.168.25.183 at 02-09-2019 22*15*25</message>
</record>
</log>
<?xml version="1.0" encoding="UTF-8" standalone="no"?>
<!DOCTYPE log SYSTEM "logger.dtd">
<log>
<record>
  <date>2019-09-02T22:24:16.605-0300</date>
  <logger>GABRIEL PAIVA MEDEIROS</logger>
  <level>FINE</level>
  <message>File 118210822-GABRIEL PAIVA MEDEIROS.zip was received. It was sent by GABRIEL PAIVA MEDEIROS from IP 192.168.25.183 at 02-09-2019 22*24*16</message>
</record>
</log>
<?xml version="1.0" encoding="UTF-8" standalone="no"?>
<!DOCTYPE log SYSTEM "logger.dtd">
<log>
<record>
  <date>2019-09-02T22:28:42.313-0300</date>
  <logger>GABRIEL PAIVA MEDEIROS</logger>
  <level>FINE</level>
  <message>File 118210822-GABRIEL PAIVA MEDEIROS.zip was received. It was sent by GABRIEL PAIVA MEDEIROS from IP 192.168.25.183 at 02-09-2019 22*28*42</message>
</record>
